[2023-07-09T22:29:13.077] [ERROR] error - 错误信息
        【URL】: POST /v1/sys/roles/delete
        【参数】: {"id":"64a7aa20a971facd04696242"}
        【错误】: ReferenceError: id is not defined
[2023-07-09T22:30:21.276] [ERROR] error - 错误信息
        【URL】: POST /v1/sys/roles/delete
        【参数】: {"id":"64a7aa20a971facd04696242"}
        【错误】: ReferenceError: id is not defined
[2023-07-10T10:07:38.159] [ERROR] error - 错误信息
        【URL】: POST /v1/sys/users_opt_logs/downloadTemplate
        【参数】: {}
        【错误】: ReferenceError: name is not defined
[2023-07-10T10:09:07.780] [ERROR] error - 错误信息
        【URL】: POST /v1/sys/users_opt_logs/downloadTemplate
        【参数】: {}
        【错误】: ReferenceError: name is not defined
[2023-07-10T10:09:40.503] [ERROR] error - 错误信息
        【URL】: POST /v1/sys/users_opt_logs/downloadTemplate
        【参数】: {}
        【错误】: ReferenceError: name is not defined
[2023-07-10T10:10:12.208] [ERROR] error - 错误信息
        【URL】: POST /v1/sys/users_opt_logs/downloadTemplate
        【参数】: {}
        【错误】: ReferenceError: name is not defined
[2023-07-10T10:10:25.255] [ERROR] error - 错误信息
        【URL】: POST /v1/sys/users_opt_logs/downloadTemplate
        【参数】: {}
        【错误】: ReferenceError: name is not defined
[2023-07-13T16:19:04.532] [ERROR] error - 错误信息
        【URL】: POST /v1/sys/users/list
        【参数】: {"params":{},"pagination":{"current":1,"pageSize":10,"total":0,"hideOnSinglePage":true},"sort":{"columnKey":"createdAt","order":"ascend"}}
        【错误】: UnauthorizedError: jwt expired
[2023-07-13T16:19:06.229] [ERROR] error - 错误信息
        【URL】: POST /v1/sys/roles/list
        【参数】: {"params":{},"pagination":{"current":1,"pageSize":10,"total":0,"hideOnSinglePage":true},"sort":{"columnKey":"createdAt","order":"ascend"}}
        【错误】: UnauthorizedError: jwt expired
[2023-07-13T16:19:07.944] [ERROR] error - 错误信息
        【URL】: POST /v1/sys/users/list
        【参数】: {"params":{},"pagination":{"current":1,"pageSize":10,"total":0,"hideOnSinglePage":true},"sort":{"columnKey":"createdAt","order":"ascend"}}
        【错误】: UnauthorizedError: jwt expired
[2023-07-13T16:19:29.517] [ERROR] error - 错误信息
        【URL】: POST /v1/sys/users/list
        【参数】: {"params":{},"pagination":{"current":1,"pageSize":10,"total":0,"hideOnSinglePage":true},"sort":{"columnKey":"createdAt","order":"ascend"}}
        【错误】: UnauthorizedError: jwt expired
[2023-07-13T16:20:07.832] [ERROR] error - 错误信息
        【URL】: POST /v1/sys/users/list
        【参数】: {"params":{},"pagination":{"current":1,"pageSize":10,"total":0,"hideOnSinglePage":true},"sort":{"columnKey":"createdAt","order":"ascend"}}
        【错误】: UnauthorizedError: jwt expired
[2023-07-13T16:21:01.092] [ERROR] error - 错误信息
        【URL】: POST /v1/sys/users/list
        【参数】: {"params":{},"pagination":{"current":1,"pageSize":10,"total":0,"hideOnSinglePage":true},"sort":{"columnKey":"createdAt","order":"ascend"}}
        【错误】: UnauthorizedError: jwt expired
[2023-07-13T16:21:30.762] [ERROR] error - 错误信息
        【URL】: POST /v1/sys/users/list
        【参数】: {"params":{},"pagination":{"current":1,"pageSize":10,"total":0,"hideOnSinglePage":true},"sort":{"columnKey":"createdAt","order":"ascend"}}
        【错误】: UnauthorizedError: jwt expired
[2023-07-13T16:21:35.953] [ERROR] error - 错误信息
        【URL】: POST /v1/sys/users/list
        【参数】: {"params":{},"pagination":{"current":1,"pageSize":10,"total":0,"hideOnSinglePage":true},"sort":{"columnKey":"createdAt","order":"ascend"}}
        【错误】: UnauthorizedError: jwt expired
[2023-07-13T16:21:43.580] [ERROR] error - 错误信息
        【URL】: POST /v1/sys/users/list
        【参数】: {"params":{},"pagination":{"current":1,"pageSize":10,"total":0,"hideOnSinglePage":true},"sort":{"columnKey":"createdAt","order":"ascend"}}
        【错误】: UnauthorizedError: jwt expired
[2023-07-13T16:22:42.556] [ERROR] error - 错误信息
        【URL】: POST /v1/sys/users/list
        【参数】: {"params":{},"pagination":{"current":1,"pageSize":10,"total":0,"hideOnSinglePage":true},"sort":{"columnKey":"createdAt","order":"ascend"}}
        【错误】: UnauthorizedError: jwt expired
[2023-07-13T16:22:56.520] [ERROR] error - 错误信息
        【URL】: POST /v1/sys/users/list
        【参数】: {"params":{},"pagination":{"current":1,"pageSize":10,"total":0,"hideOnSinglePage":true},"sort":{"columnKey":"createdAt","order":"ascend"}}
        【错误】: UnauthorizedError: jwt expired
[2023-07-13T16:22:58.446] [ERROR] error - 错误信息
        【URL】: POST /v1/sys/users/list
        【参数】: {"params":{},"pagination":{"current":1,"pageSize":10,"total":0,"hideOnSinglePage":true},"sort":{"columnKey":"createdAt","order":"ascend"}}
        【错误】: UnauthorizedError: jwt expired
[2023-07-13T16:23:06.686] [ERROR] error - 错误信息
        【URL】: POST /v1/sys/users/list
        【参数】: {"params":{},"pagination":{"current":1,"pageSize":10,"total":0,"hideOnSinglePage":true},"sort":{"columnKey":"createdAt","order":"ascend"}}
        【错误】: UnauthorizedError: jwt expired
[2023-07-13T16:23:08.952] [ERROR] error - 错误信息
        【URL】: POST /v1/sys/users/list
        【参数】: {"params":{},"pagination":{"current":1,"pageSize":10,"total":0,"hideOnSinglePage":true},"sort":{"columnKey":"createdAt","order":"ascend"}}
        【错误】: UnauthorizedError: jwt expired
[2023-07-13T16:29:16.811] [ERROR] error - 错误信息
        【URL】: POST /v1/sys/users/list
        【参数】: {"params":{},"pagination":{"current":1,"pageSize":10,"total":0,"hideOnSinglePage":true},"sort":{"columnKey":"createdAt","order":"ascend"}}
        【错误】: UnauthorizedError: jwt expired
[2023-07-13T16:29:24.858] [ERROR] error - 错误信息
        【URL】: POST /v1/sys/users/list
        【参数】: {"params":{},"pagination":{"current":1,"pageSize":10,"total":0,"hideOnSinglePage":true},"sort":{"columnKey":"createdAt","order":"ascend"}}
        【错误】: UnauthorizedError: jwt expired
[2023-07-13T16:29:29.463] [ERROR] error - 错误信息
        【URL】: POST /v1/sys/users/list
        【参数】: {"params":{},"pagination":{"current":1,"pageSize":10,"total":0,"hideOnSinglePage":true},"sort":{"columnKey":"createdAt","order":"ascend"}}
        【错误】: UnauthorizedError: jwt expired
[2023-07-13T16:29:33.232] [ERROR] error - 错误信息
        【URL】: POST /v1/sys/users/list
        【参数】: {"params":{},"pagination":{"current":1,"pageSize":10,"total":0,"hideOnSinglePage":true},"sort":{"columnKey":"createdAt","order":"ascend"}}
        【错误】: UnauthorizedError: jwt expired
[2023-07-13T16:29:52.679] [ERROR] error - 错误信息
        【URL】: POST /v1/sys/users/list
        【参数】: {"params":{},"pagination":{"current":1,"pageSize":10,"total":0,"hideOnSinglePage":true},"sort":{"columnKey":"createdAt","order":"ascend"}}
        【错误】: UnauthorizedError: jwt expired
[2023-07-13T16:29:55.247] [ERROR] error - 错误信息
        【URL】: POST /v1/sys/users/list
        【参数】: {"params":{},"pagination":{"current":1,"pageSize":10,"total":0,"hideOnSinglePage":true},"sort":{"columnKey":"createdAt","order":"ascend"}}
        【错误】: UnauthorizedError: jwt expired
[2023-07-13T16:30:58.862] [ERROR] error - 错误信息
        【URL】: POST /v1/sys/users/list
        【参数】: {"params":{},"pagination":{"current":1,"pageSize":10,"total":0,"hideOnSinglePage":true},"sort":{"columnKey":"createdAt","order":"ascend"}}
        【错误】: UnauthorizedError: jwt expired
[2023-07-13T16:31:15.239] [ERROR] error - 错误信息
        【URL】: POST /v1/sys/users/list
        【参数】: {"params":{},"pagination":{"current":1,"pageSize":10,"total":0,"hideOnSinglePage":true},"sort":{"columnKey":"createdAt","order":"ascend"}}
        【错误】: UnauthorizedError: jwt expired
[2023-07-13T16:31:27.886] [ERROR] error - 错误信息
        【URL】: POST /v1/sys/users/list
        【参数】: {"params":{},"pagination":{"current":1,"pageSize":10,"total":0,"hideOnSinglePage":true},"sort":{"columnKey":"createdAt","order":"ascend"}}
        【错误】: UnauthorizedError: jwt expired
[2023-07-13T16:31:29.651] [ERROR] error - 错误信息
        【URL】: POST /v1/sys/users/list
        【参数】: {"params":{},"pagination":{"current":1,"pageSize":10,"total":0,"hideOnSinglePage":true},"sort":{"columnKey":"createdAt","order":"ascend"}}
        【错误】: UnauthorizedError: jwt expired
[2023-07-13T16:31:31.727] [ERROR] error - 错误信息
        【URL】: POST /v1/sys/users/list
        【参数】: {"params":{},"pagination":{"current":1,"pageSize":10,"total":0,"hideOnSinglePage":true},"sort":{"columnKey":"createdAt","order":"ascend"}}
        【错误】: UnauthorizedError: jwt expired
[2023-07-13T16:31:37.104] [ERROR] error - 错误信息
        【URL】: POST /v1/sys/users/list
        【参数】: {"params":{},"pagination":{"current":1,"pageSize":10,"total":0,"hideOnSinglePage":true},"sort":{"columnKey":"createdAt","order":"ascend"}}
        【错误】: UnauthorizedError: jwt expired
[2023-07-13T16:31:38.297] [ERROR] error - 错误信息
        【URL】: POST /v1/sys/users/list
        【参数】: {"params":{},"pagination":{"current":1,"pageSize":10,"total":0,"hideOnSinglePage":true},"sort":{"columnKey":"createdAt","order":"ascend"}}
        【错误】: UnauthorizedError: jwt expired
[2023-07-13T16:32:48.443] [ERROR] error - 错误信息
        【URL】: POST /v1/sys/users/list
        【参数】: {"params":{},"pagination":{"current":1,"pageSize":10,"total":0,"hideOnSinglePage":true},"sort":{"columnKey":"createdAt","order":"ascend"}}
        【错误】: UnauthorizedError: jwt expired
[2023-07-13T16:32:53.576] [ERROR] error - 错误信息
        【URL】: POST /v1/sys/users/list
        【参数】: {"params":{},"pagination":{"current":1,"pageSize":10,"total":0,"hideOnSinglePage":true},"sort":{"columnKey":"createdAt","order":"ascend"}}
        【错误】: UnauthorizedError: jwt expired
[2023-07-13T16:32:54.455] [ERROR] error - 错误信息
        【URL】: POST /v1/sys/users/list
        【参数】: {"params":{},"pagination":{"current":1,"pageSize":10,"total":0,"hideOnSinglePage":true},"sort":{"columnKey":"createdAt","order":"ascend"}}
        【错误】: UnauthorizedError: jwt expired
[2023-07-13T16:32:54.901] [ERROR] error - 错误信息
        【URL】: POST /v1/sys/users/list
        【参数】: {"params":{},"pagination":{"current":1,"pageSize":10,"total":0,"hideOnSinglePage":true},"sort":{"columnKey":"createdAt","order":"ascend"}}
        【错误】: UnauthorizedError: jwt expired
[2023-07-13T16:33:19.728] [ERROR] error - 错误信息
        【URL】: POST /v1/sys/users/list
        【参数】: {"params":{},"pagination":{"current":1,"pageSize":10,"total":0,"hideOnSinglePage":true},"sort":{"columnKey":"createdAt","order":"ascend"}}
        【错误】: UnauthorizedError: jwt expired
[2023-07-13T16:33:21.919] [ERROR] error - 错误信息
        【URL】: POST /v1/sys/users/list
        【参数】: {"params":{},"pagination":{"current":1,"pageSize":10,"total":0,"hideOnSinglePage":true},"sort":{"columnKey":"createdAt","order":"ascend"}}
        【错误】: UnauthorizedError: jwt expired
[2023-07-13T16:33:27.528] [ERROR] error - 错误信息
        【URL】: POST /v1/sys/users/list
        【参数】: {"params":{},"pagination":{"current":1,"pageSize":10,"total":0,"hideOnSinglePage":true},"sort":{"columnKey":"createdAt","order":"ascend"}}
        【错误】: UnauthorizedError: jwt expired
[2023-07-13T16:33:29.671] [ERROR] error - 错误信息
        【URL】: POST /v1/sys/users/list
        【参数】: {"params":{},"pagination":{"current":1,"pageSize":10,"total":0,"hideOnSinglePage":true},"sort":{"columnKey":"createdAt","order":"ascend"}}
        【错误】: UnauthorizedError: jwt expired
[2023-07-13T16:34:13.046] [ERROR] error - 错误信息
        【URL】: POST /v1/sys/users/list
        【参数】: {"params":{},"pagination":{"current":1,"pageSize":10,"total":0,"hideOnSinglePage":true},"sort":{"columnKey":"createdAt","order":"ascend"}}
        【错误】: UnauthorizedError: jwt expired
[2023-07-13T16:37:18.086] [ERROR] error - 错误信息
        【URL】: POST /v1/sys/users/list
        【参数】: {"params":{},"pagination":{"current":1,"pageSize":10,"total":0,"hideOnSinglePage":true},"sort":{"columnKey":"createdAt","order":"ascend"}}
        【错误】: UnauthorizedError: jwt expired
[2023-07-13T16:37:33.642] [ERROR] error - 错误信息
        【URL】: POST /v1/sys/roles/list
        【参数】: {"params":{},"pagination":{"current":1,"pageSize":10,"total":0,"hideOnSinglePage":true},"sort":{"columnKey":"createdAt","order":"ascend"}}
        【错误】: UnauthorizedError: jwt expired
[2023-07-13T16:37:36.872] [ERROR] error - 错误信息
        【URL】: POST /v1/sys/users/list
        【参数】: {"params":{},"pagination":{"current":1,"pageSize":10,"total":0,"hideOnSinglePage":true},"sort":{"columnKey":"createdAt","order":"ascend"}}
        【错误】: UnauthorizedError: jwt expired
[2023-07-13T16:37:48.039] [ERROR] error - 错误信息
        【URL】: POST /v1/sys/users/list
        【参数】: {"params":{},"pagination":{"current":1,"pageSize":10,"total":0,"hideOnSinglePage":true},"sort":{"columnKey":"createdAt","order":"ascend"}}
        【错误】: UnauthorizedError: jwt expired
[2023-07-13T16:37:56.298] [ERROR] error - 错误信息
        【URL】: POST /v1/sys/users/list
        【参数】: {"params":{},"pagination":{"current":1,"pageSize":10,"total":0,"hideOnSinglePage":true},"sort":{"columnKey":"createdAt","order":"ascend"}}
        【错误】: UnauthorizedError: jwt expired
[2023-07-13T16:38:03.415] [ERROR] error - 错误信息
        【URL】: POST /v1/sys/users/list
        【参数】: {"params":{},"pagination":{"current":1,"pageSize":10,"total":0,"hideOnSinglePage":true},"sort":{"columnKey":"createdAt","order":"ascend"}}
        【错误】: UnauthorizedError: jwt expired
[2023-07-13T16:53:08.108] [ERROR] error - 错误信息
        【URL】: POST /v1/sys/users_opt_logs/list
        【参数】: {}
        【错误】: UnauthorizedError: No authorization token was found
[2023-07-13T16:53:16.440] [ERROR] error - 错误信息
        【URL】: POST /v1/sys/users_opt_logs/list
        【参数】: {}
        【错误】: UnauthorizedError: No authorization token was found
[2023-07-13T16:53:46.418] [ERROR] error - 错误信息
        【URL】: POST /v1/sys/users_opt_logs/list
        【参数】: {}
        【错误】: UnauthorizedError: No authorization token was found
[2023-07-13T16:53:51.735] [ERROR] error - 错误信息
        【URL】: POST /v1/sys/users_opt_logs/list
        【参数】: {}
        【错误】: UnauthorizedError: No authorization token was found
